Collecting coolprop
  Using cached CoolProp-6.4.1.tar.gz (12.9 MB)
  Preparing metadata (setup.py): started
  Preparing metadata (setup.py): finished with status 'done'
Building wheels for collected packages: coolprop
  Building wheel for coolprop (setup.py): started
  Building wheel for coolprop (setup.py): still running...
  Building wheel for coolprop (setup.py): finished with status 'error'
  error: subprocess-exited-with-error
  
  × python setup.py bdist_wheel did not run successfully.
  │ exit code: 1
  ╰─> [304 lines of output]
      Cython will not be used; cy_ext is cpp
      running bdist_wheel
      running build
      running build_py
      creating build
      creating build/lib.linux-armv7l-cpython-310
      creating build/lib.linux-armv7l-cpython-310/CoolProp
      copying CoolProp/constants.py -> build/lib.linux-armv7l-cpython-310/CoolProp
      copying CoolProp/__init__.py -> build/lib.linux-armv7l-cpython-310/CoolProp
      copying CoolProp/BibtexParser.py -> build/lib.linux-armv7l-cpython-310/CoolProp
      copying CoolProp/HumidAirProp.py -> build/lib.linux-armv7l-cpython-310/CoolProp
      copying CoolProp/State.py -> build/lib.linux-armv7l-cpython-310/CoolProp
      creating build/lib.linux-armv7l-cpython-310/CoolProp/tests
      copying CoolProp/tests/runner.py -> build/lib.linux-armv7l-cpython-310/CoolProp/tests
      copying CoolProp/tests/test_plots.py -> build/lib.linux-armv7l-cpython-310/CoolProp/tests
      copying CoolProp/tests/test_Props.py -> build/lib.linux-armv7l-cpython-310/CoolProp/tests
      copying CoolProp/tests/__init__.py -> build/lib.linux-armv7l-cpython-310/CoolProp/tests
      copying CoolProp/tests/test_CoolPropState.py -> build/lib.linux-armv7l-cpython-310/CoolProp/tests
      creating build/lib.linux-armv7l-cpython-310/CoolProp/GUI
      copying CoolProp/GUI/__init__.py -> build/lib.linux-armv7l-cpython-310/CoolProp/GUI
      copying CoolProp/GUI/CoolPropGUI.py -> build/lib.linux-armv7l-cpython-310/CoolProp/GUI
      copying CoolProp/GUI/PsychScript.py -> build/lib.linux-armv7l-cpython-310/CoolProp/GUI
      creating build/lib.linux-armv7l-cpython-310/CoolProp/Plots
      copying CoolProp/Plots/ConsistencyPlots_pcsaft.py -> build/lib.linux-armv7l-cpython-310/CoolProp/Plots
      copying CoolProp/Plots/PsychChart.py -> build/lib.linux-armv7l-cpython-310/CoolProp/Plots
      copying CoolProp/Plots/SimpleCycles.py -> build/lib.linux-armv7l-cpython-310/CoolProp/Plots
      copying CoolProp/Plots/__init__.py -> build/lib.linux-armv7l-cpython-310/CoolProp/Plots
      copying CoolProp/Plots/psy.py -> build/lib.linux-armv7l-cpython-310/CoolProp/Plots
      copying CoolProp/Plots/Plots.py -> build/lib.linux-armv7l-cpython-310/CoolProp/Plots
      copying CoolProp/Plots/Common.py -> build/lib.linux-armv7l-cpython-310/CoolProp/Plots
      copying CoolProp/Plots/SimpleCyclesCompression.py -> build/lib.linux-armv7l-cpython-310/CoolProp/Plots
      copying CoolProp/Plots/ConsistencyPlots.py -> build/lib.linux-armv7l-cpython-310/CoolProp/Plots
      copying CoolProp/Plots/PsychScript.py -> build/lib.linux-armv7l-cpython-310/CoolProp/Plots
      copying CoolProp/Plots/Tests.py -> build/lib.linux-armv7l-cpython-310/CoolProp/Plots
      copying CoolProp/Plots/SimpleCyclesExpansion.py -> build/lib.linux-armv7l-cpython-310/CoolProp/Plots
      copying CoolProp/typedefs.pxd -> build/lib.linux-armv7l-cpython-310/CoolProp
      copying CoolProp/CoolProp.pxd -> build/lib.linux-armv7l-cpython-310/CoolProp
      copying CoolProp/State.pxd -> build/lib.linux-armv7l-cpython-310/CoolProp
      copying CoolProp/cAbstractState.pxd -> build/lib.linux-armv7l-cpython-310/CoolProp
      copying CoolProp/constants_header.pxd -> build/lib.linux-armv7l-cpython-310/CoolProp
      copying CoolProp/AbstractState.pxd -> build/lib.linux-armv7l-cpython-310/CoolProp
      copying CoolProp/Plots/psyrc -> build/lib.linux-armv7l-cpython-310/CoolProp/Plots
      running build_ext
      creating data
      creating data/data
      creating data/data/com.termux
      creating data/data/com.termux/files
      creating data/data/com.termux/files/usr
      creating data/data/com.termux/files/usr/tmp
      creating data/data/com.termux/files/usr/tmp/pip-install-v7_8wlc7
      creating data/data/com.termux/files/usr/tmp/pip-install-v7_8wlc7/coolprop_6963ad83001d4a1e9edfb954d18e971b
      arm-linux-androideabi-clang -mfloat-abi=softfp -mfpu=vfpv3-d16 -Wno-unused-result -Wsign-compare -Wunreachable-code -DNDEBUG -g -fwrapv -O3 -Wall -march=armv7-a -mfpu=neon -mfloat-abi=softfp -mthumb -fstack-protector-strong -O3 -march=armv7-a -mfpu=neon -mfloat-abi=softfp -mthumb -fstack-protector-strong -O3 -fPIC -I/data/data/com.termux/files/usr/include/python3.10 -c /data/data/com.termux/files/usr/tmp/pip-install-v7_8wlc7/coolprop_6963ad83001d4a1e9edfb954d18e971b/tmp3t6irdpr.cpp -o data/data/com.termux/files/usr/tmp/pip-install-v7_8wlc7/coolprop_6963ad83001d4a1e9edfb954d18e971b/tmp3t6irdpr.o
      No shared_ptr flags needed
      building 'CoolProp.CoolProp' extension
      creating build/temp.linux-armv7l-cpython-310
      creating build/temp.linux-armv7l-cpython-310/CoolProp
      creating build/temp.linux-armv7l-cpython-310/src
      creating build/temp.linux-armv7l-cpython-310/src/Backends
      creating build/temp.linux-armv7l-cpython-310/src/Backends/Cubics
      creating build/temp.linux-armv7l-cpython-310/src/Backends/Helmholtz
      creating build/temp.linux-armv7l-cpython-310/src/Backends/Helmholtz/Fluids
      creating build/temp.linux-armv7l-cpython-310/src/Backends/IF97
      creating build/temp.linux-armv7l-cpython-310/src/Backends/Incompressible
      creating build/temp.linux-armv7l-cpython-310/src/Backends/PCSAFT
      creating build/temp.linux-armv7l-cpython-310/src/Backends/REFPROP
      creating build/temp.linux-armv7l-cpython-310/src/Backends/Tabular
      creating build/temp.linux-armv7l-cpython-310/src/Tests
      arm-linux-androideabi-clang -mfloat-abi=softfp -mfpu=vfpv3-d16 -Wno-unused-result -Wsign-compare -Wunreachable-code -DNDEBUG -g -fwrapv -O3 -Wall -march=armv7-a -mfpu=neon -mfloat-abi=softfp -mthumb -fstack-protector-strong -O3 -march=armv7-a -mfpu=neon -mfloat-abi=softfp -mthumb -fstack-protector-strong -O3 -fPIC -I. -I./include -I./src -I./externals/Eigen -I./externals/fmtlib -I./externals/msgpack-c/include -I/data/data/com.termux/files/usr/include/python3.10 -c CoolProp/CoolProp.cpp -o build/temp.linux-armv7l-cpython-310/CoolProp/CoolProp.o
      In file included from CoolProp/CoolProp.cpp:632:
      In file included from ./include/DataStructures.h:11:
      In file included from ./include/CPnumerics.h:11:
      ./include/CPstrings.h:36:80: warning: 'ptr_fun<int, int>' is deprecated [-Wdeprecated-declarations]
                  s.erase(s.begin(), std::find_if(s.begin(), s.end(), std::not1(std::ptr_fun<int, int>(std::isspace))));
                                                                                     ^
      /data/data/com.termux/files/usr/include/c++/v1/functional:1111:1: note: 'ptr_fun<int, int>' has been explicitly marked deprecated here
      _LIBCPP_DEPRECATED_IN_CXX11 inline _LIBCPP_INLINE_VISIBILITY
      ^
      /data/data/com.termux/files/usr/include/c++/v1/__config:989:39: note: expanded from macro '_LIBCPP_DEPRECATED_IN_CXX11'
      #  define _LIBCPP_DEPRECATED_IN_CXX11 _LIBCPP_DEPRECATED
                                            ^
      /data/data/com.termux/files/usr/include/c++/v1/__config:978:48: note: expanded from macro '_LIBCPP_DEPRECATED'
      #    define _LIBCPP_DEPRECATED __attribute__ ((deprecated))
                                                     ^
      In file included from CoolProp/CoolProp.cpp:632:
      In file included from ./include/DataStructures.h:11:
      In file included from ./include/CPnumerics.h:11:
      ./include/CPstrings.h:41:71: warning: 'ptr_fun<int, int>' is deprecated [-Wdeprecated-declarations]
                  s.erase(std::find_if(s.rbegin(), s.rend(), std::not1(std::ptr_fun<int, int>(std::isspace))).base(), s.end());
                                                                            ^
      /data/data/com.termux/files/usr/include/c++/v1/functional:1111:1: note: 'ptr_fun<int, int>' has been explicitly marked deprecated here
      _LIBCPP_DEPRECATED_IN_CXX11 inline _LIBCPP_INLINE_VISIBILITY
      ^
      /data/data/com.termux/files/usr/include/c++/v1/__config:989:39: note: expanded from macro '_LIBCPP_DEPRECATED_IN_CXX11'
      #  define _LIBCPP_DEPRECATED_IN_CXX11 _LIBCPP_DEPRECATED
                                            ^
      /data/data/com.termux/files/usr/include/c++/v1/__config:978:48: note: expanded from macro '_LIBCPP_DEPRECATED'
      #    define _LIBCPP_DEPRECATED __attribute__ ((deprecated))
                                                     ^
      CoolProp/CoolProp.cpp:63966:5: error: expression is not assignable
          ++Py_REFCNT(o);
          ^ ~~~~~~~~~~~~
      CoolProp/CoolProp.cpp:63968:5: error: expression is not assignable
          --Py_REFCNT(o);
          ^ ~~~~~~~~~~~~
      CoolProp/CoolProp.cpp:64655:13: warning: 'PyUnicode_AsUnicode' is deprecated [-Wdeprecated-declarations]
                  PyUnicode_AS_UNICODE(name)[0] == '_')
                  ^
      /data/data/com.termux/files/usr/include/python3.10/cpython/unicodeobject.h:279:7: note: expanded from macro 'PyUnicode_AS_UNICODE'
            PyUnicode_AsUnicode(_PyObject_CAST(op)))
            ^
      /data/data/com.termux/files/usr/include/python3.10/cpython/unicodeobject.h:580:1: note: 'PyUnicode_AsUnicode' has been explicitly marked deprecated here
      Py_DEPRECATED(3.3) PyAPI_FUNC(Py_UNICODE *) PyUnicode_AsUnicode(
      ^
      /data/data/com.termux/files/usr/include/python3.10/pyport.h:513:54: note: expanded from macro 'Py_DEPRECATED'
      #define Py_DEPRECATED(VERSION_UNUSED) __attribute__((__deprecated__))
                                                           ^
      CoolProp/CoolProp.cpp:65595:54: error: no member named 'tp_print' in '_typeobject'
        __pyx_type_8CoolProp_8CoolProp_PyPhaseEnvelopeData.tp_print = 0;
        ~~~~~~~~~~~~~~~~~~~~~~~~~~~~~~~~~~~~~~~~~~~~~~~~~~ ^
      CoolProp/CoolProp.cpp:65603:53: error: no member named 'tp_print' in '_typeobject'
        __pyx_type_8CoolProp_8CoolProp_PyGuessesStructure.tp_print = 0;
        ~~~~~~~~~~~~~~~~~~~~~~~~~~~~~~~~~~~~~~~~~~~~~~~~~ ^
      CoolProp/CoolProp.cpp:65611:50: error: no member named 'tp_print' in '_typeobject'
        __pyx_type_8CoolProp_8CoolProp_PyCriticalState.tp_print = 0;
        ~~~~~~~~~~~~~~~~~~~~~~~~~~~~~~~~~~~~~~~~~~~~~~ ^
      CoolProp/CoolProp.cpp:65619:49: error: no member named 'tp_print' in '_typeobject'
        __pyx_type_8CoolProp_8CoolProp_PySpinodalData.tp_print = 0;
        ~~~~~~~~~~~~~~~~~~~~~~~~~~~~~~~~~~~~~~~~~~~~~ ^
      CoolProp/CoolProp.cpp:65789:48: error: no member named 'tp_print' in '_typeobject'
        __pyx_type_8CoolProp_8CoolProp_AbstractState.tp_print = 0;
        ~~~~~~~~~~~~~~~~~~~~~~~~~~~~~~~~~~~~~~~~~~~~ ^
      CoolProp/CoolProp.cpp:65825:40: error: no member named 'tp_print' in '_typeobject'
        __pyx_type_8CoolProp_8CoolProp_State.tp_print = 0;
        ~~~~~~~~~~~~~~~~~~~~~~~~~~~~~~~~~~~~ ^
      CoolProp/CoolProp.cpp:67577:22: warning: '_PyUnicode_get_wstr_length' is deprecated [-Wdeprecated-declarations]
                          (PyUnicode_GET_SIZE(**name) != PyUnicode_GET_SIZE(key)) ? 1 :
                           ^
      /data/data/com.termux/files/usr/include/python3.10/cpython/unicodeobject.h:261:7: note: expanded from macro 'PyUnicode_GET_SIZE'
            PyUnicode_WSTR_LENGTH(op) :                    \
            ^
      /data/data/com.termux/files/usr/include/python3.10/cpython/unicodeobject.h:451:35: note: expanded from macro 'PyUnicode_WSTR_LENGTH'
      #define PyUnicode_WSTR_LENGTH(op) _PyUnicode_get_wstr_length((PyObject*)op)
                                        ^
      /data/data/com.termux/files/usr/include/python3.10/cpython/unicodeobject.h:445:1: note: '_PyUnicode_get_wstr_length' has been explicitly marked deprecated here
      Py_DEPRECATED(3.3)
      ^
      /data/data/com.termux/files/usr/include/python3.10/pyport.h:513:54: note: expanded from macro 'Py_DEPRECATED'
      #define Py_DEPRECATED(VERSION_UNUSED) __attribute__((__deprecated__))
                                                           ^
      CoolProp/CoolProp.cpp:67577:22: warning: 'PyUnicode_AsUnicode' is deprecated [-Wdeprecated-declarations]
                          (PyUnicode_GET_SIZE(**name) != PyUnicode_GET_SIZE(key)) ? 1 :
                           ^
      /data/data/com.termux/files/usr/include/python3.10/cpython/unicodeobject.h:262:14: note: expanded from macro 'PyUnicode_GET_SIZE'
            ((void)PyUnicode_AsUnicode(_PyObject_CAST(op)),\
                   ^
      /data/data/com.termux/files/usr/include/python3.10/cpython/unicodeobject.h:580:1: note: 'PyUnicode_AsUnicode' has been explicitly marked deprecated here
      Py_DEPRECATED(3.3) PyAPI_FUNC(Py_UNICODE *) PyUnicode_AsUnicode(
      ^
      /data/data/com.termux/files/usr/include/python3.10/pyport.h:513:54: note: expanded from macro 'Py_DEPRECATED'
      #define Py_DEPRECATED(VERSION_UNUSED) __attribute__((__deprecated__))
                                                           ^
      CoolProp/CoolProp.cpp:67577:22: warning: '_PyUnicode_get_wstr_length' is deprecated [-Wdeprecated-declarations]
                          (PyUnicode_GET_SIZE(**name) != PyUnicode_GET_SIZE(key)) ? 1 :
                           ^
      /data/data/com.termux/files/usr/include/python3.10/cpython/unicodeobject.h:264:8: note: expanded from macro 'PyUnicode_GET_SIZE'
             PyUnicode_WSTR_LENGTH(op)))
             ^
      /data/data/com.termux/files/usr/include/python3.10/cpython/unicodeobject.h:451:35: note: expanded from macro 'PyUnicode_WSTR_LENGTH'
      #define PyUnicode_WSTR_LENGTH(op) _PyUnicode_get_wstr_length((PyObject*)op)
                                        ^
      /data/data/com.termux/files/usr/include/python3.10/cpython/unicodeobject.h:445:1: note: '_PyUnicode_get_wstr_length' has been explicitly marked deprecated here
      Py_DEPRECATED(3.3)
      ^
      /data/data/com.termux/files/usr/include/python3.10/pyport.h:513:54: note: expanded from macro 'Py_DEPRECATED'
      #define Py_DEPRECATED(VERSION_UNUSED) __attribute__((__deprecated__))
                                                           ^
      CoolProp/CoolProp.cpp:67577:52: warning: '_PyUnicode_get_wstr_length' is deprecated [-Wdeprecated-declarations]
                          (PyUnicode_GET_SIZE(**name) != PyUnicode_GET_SIZE(key)) ? 1 :
                                                         ^
      /data/data/com.termux/files/usr/include/python3.10/cpython/unicodeobject.h:261:7: note: expanded from macro 'PyUnicode_GET_SIZE'
            PyUnicode_WSTR_LENGTH(op) :                    \
            ^
      /data/data/com.termux/files/usr/include/python3.10/cpython/unicodeobject.h:451:35: note: expanded from macro 'PyUnicode_WSTR_LENGTH'
      #define PyUnicode_WSTR_LENGTH(op) _PyUnicode_get_wstr_length((PyObject*)op)
                                        ^
      /data/data/com.termux/files/usr/include/python3.10/cpython/unicodeobject.h:445:1: note: '_PyUnicode_get_wstr_length' has been explicitly marked deprecated here
      Py_DEPRECATED(3.3)
      ^
      /data/data/com.termux/files/usr/include/python3.10/pyport.h:513:54: note: expanded from macro 'Py_DEPRECATED'
      #define Py_DEPRECATED(VERSION_UNUSED) __attribute__((__deprecated__))
                                                           ^
      CoolProp/CoolProp.cpp:67577:52: warning: 'PyUnicode_AsUnicode' is deprecated [-Wdeprecated-declarations]
                          (PyUnicode_GET_SIZE(**name) != PyUnicode_GET_SIZE(key)) ? 1 :
                                                         ^
      /data/data/com.termux/files/usr/include/python3.10/cpython/unicodeobject.h:262:14: note: expanded from macro 'PyUnicode_GET_SIZE'
            ((void)PyUnicode_AsUnicode(_PyObject_CAST(op)),\
                   ^
      /data/data/com.termux/files/usr/include/python3.10/cpython/unicodeobject.h:580:1: note: 'PyUnicode_AsUnicode' has been explicitly marked deprecated here
      Py_DEPRECATED(3.3) PyAPI_FUNC(Py_UNICODE *) PyUnicode_AsUnicode(
      ^
      /data/data/com.termux/files/usr/include/python3.10/pyport.h:513:54: note: expanded from macro 'Py_DEPRECATED'
      #define Py_DEPRECATED(VERSION_UNUSED) __attribute__((__deprecated__))
                                                           ^
      CoolProp/CoolProp.cpp:67577:52: warning: '_PyUnicode_get_wstr_length' is deprecated [-Wdeprecated-declarations]
                          (PyUnicode_GET_SIZE(**name) != PyUnicode_GET_SIZE(key)) ? 1 :
                                                         ^
      /data/data/com.termux/files/usr/include/python3.10/cpython/unicodeobject.h:264:8: note: expanded from macro 'PyUnicode_GET_SIZE'
             PyUnicode_WSTR_LENGTH(op)))
             ^
      /data/data/com.termux/files/usr/include/python3.10/cpython/unicodeobject.h:451:35: note: expanded from macro 'PyUnicode_WSTR_LENGTH'
      #define PyUnicode_WSTR_LENGTH(op) _PyUnicode_get_wstr_length((PyObject*)op)
                                        ^
      /data/data/com.termux/files/usr/include/python3.10/cpython/unicodeobject.h:445:1: note: '_PyUnicode_get_wstr_length' has been explicitly marked deprecated here
      Py_DEPRECATED(3.3)
      ^
      /data/data/com.termux/files/usr/include/python3.10/pyport.h:513:54: note: expanded from macro 'Py_DEPRECATED'
      #define Py_DEPRECATED(VERSION_UNUSED) __attribute__((__deprecated__))
                                                           ^
      CoolProp/CoolProp.cpp:67593:26: warning: '_PyUnicode_get_wstr_length' is deprecated [-Wdeprecated-declarations]
                              (PyUnicode_GET_SIZE(**argname) != PyUnicode_GET_SIZE(key)) ? 1 :
                               ^
      /data/data/com.termux/files/usr/include/python3.10/cpython/unicodeobject.h:261:7: note: expanded from macro 'PyUnicode_GET_SIZE'
            PyUnicode_WSTR_LENGTH(op) :                    \
            ^
      /data/data/com.termux/files/usr/include/python3.10/cpython/unicodeobject.h:451:35: note: expanded from macro 'PyUnicode_WSTR_LENGTH'
      #define PyUnicode_WSTR_LENGTH(op) _PyUnicode_get_wstr_length((PyObject*)op)
                                        ^
      /data/data/com.termux/files/usr/include/python3.10/cpython/unicodeobject.h:445:1: note: '_PyUnicode_get_wstr_length' has been explicitly marked deprecated here
      Py_DEPRECATED(3.3)
      ^
      /data/data/com.termux/files/usr/include/python3.10/pyport.h:513:54: note: expanded from macro 'Py_DEPRECATED'
      #define Py_DEPRECATED(VERSION_UNUSED) __attribute__((__deprecated__))
                                                           ^
      CoolProp/CoolProp.cpp:67593:26: warning: 'PyUnicode_AsUnicode' is deprecated [-Wdeprecated-declarations]
                              (PyUnicode_GET_SIZE(**argname) != PyUnicode_GET_SIZE(key)) ? 1 :
                               ^
      /data/data/com.termux/files/usr/include/python3.10/cpython/unicodeobject.h:262:14: note: expanded from macro 'PyUnicode_GET_SIZE'
            ((void)PyUnicode_AsUnicode(_PyObject_CAST(op)),\
                   ^
      /data/data/com.termux/files/usr/include/python3.10/cpython/unicodeobject.h:580:1: note: 'PyUnicode_AsUnicode' has been explicitly marked deprecated here
      Py_DEPRECATED(3.3) PyAPI_FUNC(Py_UNICODE *) PyUnicode_AsUnicode(
      ^
      /data/data/com.termux/files/usr/include/python3.10/pyport.h:513:54: note: expanded from macro 'Py_DEPRECATED'
      #define Py_DEPRECATED(VERSION_UNUSED) __attribute__((__deprecated__))
                                                           ^
      CoolProp/CoolProp.cpp:67593:26: warning: '_PyUnicode_get_wstr_length' is deprecated [-Wdeprecated-declarations]
                              (PyUnicode_GET_SIZE(**argname) != PyUnicode_GET_SIZE(key)) ? 1 :
                               ^
      /data/data/com.termux/files/usr/include/python3.10/cpython/unicodeobject.h:264:8: note: expanded from macro 'PyUnicode_GET_SIZE'
             PyUnicode_WSTR_LENGTH(op)))
             ^
      /data/data/com.termux/files/usr/include/python3.10/cpython/unicodeobject.h:451:35: note: expanded from macro 'PyUnicode_WSTR_LENGTH'
      #define PyUnicode_WSTR_LENGTH(op) _PyUnicode_get_wstr_length((PyObject*)op)
                                        ^
      /data/data/com.termux/files/usr/include/python3.10/cpython/unicodeobject.h:445:1: note: '_PyUnicode_get_wstr_length' has been explicitly marked deprecated here
      Py_DEPRECATED(3.3)
      ^
      /data/data/com.termux/files/usr/include/python3.10/pyport.h:513:54: note: expanded from macro 'Py_DEPRECATED'
      #define Py_DEPRECATED(VERSION_UNUSED) __attribute__((__deprecated__))
                                                           ^
      CoolProp/CoolProp.cpp:67593:59: warning: '_PyUnicode_get_wstr_length' is deprecated [-Wdeprecated-declarations]
                              (PyUnicode_GET_SIZE(**argname) != PyUnicode_GET_SIZE(key)) ? 1 :
                                                                ^
      /data/data/com.termux/files/usr/include/python3.10/cpython/unicodeobject.h:261:7: note: expanded from macro 'PyUnicode_GET_SIZE'
            PyUnicode_WSTR_LENGTH(op) :                    \
            ^
      /data/data/com.termux/files/usr/include/python3.10/cpython/unicodeobject.h:451:35: note: expanded from macro 'PyUnicode_WSTR_LENGTH'
      #define PyUnicode_WSTR_LENGTH(op) _PyUnicode_get_wstr_length((PyObject*)op)
                                        ^
      /data/data/com.termux/files/usr/include/python3.10/cpython/unicodeobject.h:445:1: note: '_PyUnicode_get_wstr_length' has been explicitly marked deprecated here
      Py_DEPRECATED(3.3)
      ^
      /data/data/com.termux/files/usr/include/python3.10/pyport.h:513:54: note: expanded from macro 'Py_DEPRECATED'
      #define Py_DEPRECATED(VERSION_UNUSED) __attribute__((__deprecated__))
                                                           ^
      CoolProp/CoolProp.cpp:67593:59: warning: 'PyUnicode_AsUnicode' is deprecated [-Wdeprecated-declarations]
                              (PyUnicode_GET_SIZE(**argname) != PyUnicode_GET_SIZE(key)) ? 1 :
                                                                ^
      /data/data/com.termux/files/usr/include/python3.10/cpython/unicodeobject.h:262:14: note: expanded from macro 'PyUnicode_GET_SIZE'
            ((void)PyUnicode_AsUnicode(_PyObject_CAST(op)),\
                   ^
      /data/data/com.termux/files/usr/include/python3.10/cpython/unicodeobject.h:580:1: note: 'PyUnicode_AsUnicode' has been explicitly marked deprecated here
      Py_DEPRECATED(3.3) PyAPI_FUNC(Py_UNICODE *) PyUnicode_AsUnicode(
      ^
      /data/data/com.termux/files/usr/include/python3.10/pyport.h:513:54: note: expanded from macro 'Py_DEPRECATED'
      #define Py_DEPRECATED(VERSION_UNUSED) __attribute__((__deprecated__))
                                                           ^
      CoolProp/CoolProp.cpp:67593:59: warning: '_PyUnicode_get_wstr_length' is deprecated [-Wdeprecated-declarations]
                              (PyUnicode_GET_SIZE(**argname) != PyUnicode_GET_SIZE(key)) ? 1 :
                                                                ^
      /data/data/com.termux/files/usr/include/python3.10/cpython/unicodeobject.h:264:8: note: expanded from macro 'PyUnicode_GET_SIZE'
             PyUnicode_WSTR_LENGTH(op)))
             ^
      /data/data/com.termux/files/usr/include/python3.10/cpython/unicodeobject.h:451:35: note: expanded from macro 'PyUnicode_WSTR_LENGTH'
      #define PyUnicode_WSTR_LENGTH(op) _PyUnicode_get_wstr_length((PyObject*)op)
                                        ^
      /data/data/com.termux/files/usr/include/python3.10/cpython/unicodeobject.h:445:1: note: '_PyUnicode_get_wstr_length' has been explicitly marked deprecated here
      Py_DEPRECATED(3.3)
      ^
      /data/data/com.termux/files/usr/include/python3.10/pyport.h:513:54: note: expanded from macro 'Py_DEPRECATED'
      #define Py_DEPRECATED(VERSION_UNUSED) __attribute__((__deprecated__))
                                                           ^
      15 warnings and 8 errors generated.
      error: command '/data/data/com.termux/files/usr/bin/arm-linux-androideabi-clang' failed with exit code 1
      [end of output]
  
  note: This error originates from a subprocess, and is likely not a problem with pip.
  ERROR: Failed building wheel for coolprop
  Running setup.py clean for coolprop
Failed to build coolprop
Installing collected packages: coolprop
  Running setup.py install for coolprop: started
  Running setup.py install for coolprop: still running...
  Running setup.py install for coolprop: finished with status 'error'
  error: subprocess-exited-with-error
  
  × Running setup.py install for coolprop did not run successfully.
  │ exit code: 1
  ╰─> [298 lines of output]
      Cython will not be used; cy_ext is cpp
      running install
      /data/data/com.termux/files/usr/lib/python3.10/site-packages/setuptools/command/install.py:34: SetuptoolsDeprecationWarning: setup.py install is deprecated. Use build and pip and other standards-based tools.
        warnings.warn(
      running build
      running build_py
      creating build
      creating build/lib.linux-armv7l-cpython-310
      creating build/lib.linux-armv7l-cpython-310/CoolProp
      copying CoolProp/constants.py -> build/lib.linux-armv7l-cpython-310/CoolProp
      copying CoolProp/__init__.py -> build/lib.linux-armv7l-cpython-310/CoolProp
      copying CoolProp/BibtexParser.py -> build/lib.linux-armv7l-cpython-310/CoolProp
      copying CoolProp/HumidAirProp.py -> build/lib.linux-armv7l-cpython-310/CoolProp
      copying CoolProp/State.py -> build/lib.linux-armv7l-cpython-310/CoolProp
      creating build/lib.linux-armv7l-cpython-310/CoolProp/tests
      copying CoolProp/tests/runner.py -> build/lib.linux-armv7l-cpython-310/CoolProp/tests
      copying CoolProp/tests/test_plots.py -> build/lib.linux-armv7l-cpython-310/CoolProp/tests
      copying CoolProp/tests/test_Props.py -> build/lib.linux-armv7l-cpython-310/CoolProp/tests
      copying CoolProp/tests/__init__.py -> build/lib.linux-armv7l-cpython-310/CoolProp/tests
      copying CoolProp/tests/test_CoolPropState.py -> build/lib.linux-armv7l-cpython-310/CoolProp/tests
      creating build/lib.linux-armv7l-cpython-310/CoolProp/GUI
      copying CoolProp/GUI/__init__.py -> build/lib.linux-armv7l-cpython-310/CoolProp/GUI
      copying CoolProp/GUI/CoolPropGUI.py -> build/lib.linux-armv7l-cpython-310/CoolProp/GUI
      copying CoolProp/GUI/PsychScript.py -> build/lib.linux-armv7l-cpython-310/CoolProp/GUI
      creating build/lib.linux-armv7l-cpython-310/CoolProp/Plots
      copying CoolProp/Plots/ConsistencyPlots_pcsaft.py -> build/lib.linux-armv7l-cpython-310/CoolProp/Plots
      copying CoolProp/Plots/PsychChart.py -> build/lib.linux-armv7l-cpython-310/CoolProp/Plots
      copying CoolProp/Plots/SimpleCycles.py -> build/lib.linux-armv7l-cpython-310/CoolProp/Plots
      copying CoolProp/Plots/__init__.py -> build/lib.linux-armv7l-cpython-310/CoolProp/Plots
      copying CoolProp/Plots/psy.py -> build/lib.linux-armv7l-cpython-310/CoolProp/Plots
      copying CoolProp/Plots/Plots.py -> build/lib.linux-armv7l-cpython-310/CoolProp/Plots
      copying CoolProp/Plots/Common.py -> build/lib.linux-armv7l-cpython-310/CoolProp/Plots
      copying CoolProp/Plots/SimpleCyclesCompression.py -> build/lib.linux-armv7l-cpython-310/CoolProp/Plots
      copying CoolProp/Plots/ConsistencyPlots.py -> build/lib.linux-armv7l-cpython-310/CoolProp/Plots
      copying CoolProp/Plots/PsychScript.py -> build/lib.linux-armv7l-cpython-310/CoolProp/Plots
      copying CoolProp/Plots/Tests.py -> build/lib.linux-armv7l-cpython-310/CoolProp/Plots
      copying CoolProp/Plots/SimpleCyclesExpansion.py -> build/lib.linux-armv7l-cpython-310/CoolProp/Plots
      copying CoolProp/typedefs.pxd -> build/lib.linux-armv7l-cpython-310/CoolProp
      copying CoolProp/CoolProp.pxd -> build/lib.linux-armv7l-cpython-310/CoolProp
      copying CoolProp/State.pxd -> build/lib.linux-armv7l-cpython-310/CoolProp
      copying CoolProp/cAbstractState.pxd -> build/lib.linux-armv7l-cpython-310/CoolProp
      copying CoolProp/constants_header.pxd -> build/lib.linux-armv7l-cpython-310/CoolProp
      copying CoolProp/AbstractState.pxd -> build/lib.linux-armv7l-cpython-310/CoolProp
      copying CoolProp/Plots/psyrc -> build/lib.linux-armv7l-cpython-310/CoolProp/Plots
      running build_ext
      arm-linux-androideabi-clang -mfloat-abi=softfp -mfpu=vfpv3-d16 -Wno-unused-result -Wsign-compare -Wunreachable-code -DNDEBUG -g -fwrapv -O3 -Wall -march=armv7-a -mfpu=neon -mfloat-abi=softfp -mthumb -fstack-protector-strong -O3 -march=armv7-a -mfpu=neon -mfloat-abi=softfp -mthumb -fstack-protector-strong -O3 -fPIC -I/data/data/com.termux/files/usr/include/python3.10 -c /data/data/com.termux/files/usr/tmp/pip-install-v7_8wlc7/coolprop_6963ad83001d4a1e9edfb954d18e971b/tmpjc7c0uj6.cpp -o data/data/com.termux/files/usr/tmp/pip-install-v7_8wlc7/coolprop_6963ad83001d4a1e9edfb954d18e971b/tmpjc7c0uj6.o
      No shared_ptr flags needed
      building 'CoolProp.CoolProp' extension
      creating build/temp.linux-armv7l-cpython-310
      creating build/temp.linux-armv7l-cpython-310/CoolProp
      creating build/temp.linux-armv7l-cpython-310/src
      creating build/temp.linux-armv7l-cpython-310/src/Backends
      creating build/temp.linux-armv7l-cpython-310/src/Backends/Cubics
      creating build/temp.linux-armv7l-cpython-310/src/Backends/Helmholtz
      creating build/temp.linux-armv7l-cpython-310/src/Backends/Helmholtz/Fluids
      creating build/temp.linux-armv7l-cpython-310/src/Backends/IF97
      creating build/temp.linux-armv7l-cpython-310/src/Backends/Incompressible
      creating build/temp.linux-armv7l-cpython-310/src/Backends/PCSAFT
      creating build/temp.linux-armv7l-cpython-310/src/Backends/REFPROP
      creating build/temp.linux-armv7l-cpython-310/src/Backends/Tabular
      creating build/temp.linux-armv7l-cpython-310/src/Tests
      arm-linux-androideabi-clang -mfloat-abi=softfp -mfpu=vfpv3-d16 -Wno-unused-result -Wsign-compare -Wunreachable-code -DNDEBUG -g -fwrapv -O3 -Wall -march=armv7-a -mfpu=neon -mfloat-abi=softfp -mthumb -fstack-protector-strong -O3 -march=armv7-a -mfpu=neon -mfloat-abi=softfp -mthumb -fstack-protector-strong -O3 -fPIC -I. -I./include -I./src -I./externals/Eigen -I./externals/fmtlib -I./externals/msgpack-c/include -I/data/data/com.termux/files/usr/include/python3.10 -c CoolProp/CoolProp.cpp -o build/temp.linux-armv7l-cpython-310/CoolProp/CoolProp.o
      In file included from CoolProp/CoolProp.cpp:632:
      In file included from ./include/DataStructures.h:11:
      In file included from ./include/CPnumerics.h:11:
      ./include/CPstrings.h:36:80: warning: 'ptr_fun<int, int>' is deprecated [-Wdeprecated-declarations]
                  s.erase(s.begin(), std::find_if(s.begin(), s.end(), std::not1(std::ptr_fun<int, int>(std::isspace))));
                                                                                     ^
      /data/data/com.termux/files/usr/include/c++/v1/functional:1111:1: note: 'ptr_fun<int, int>' has been explicitly marked deprecated here
      _LIBCPP_DEPRECATED_IN_CXX11 inline _LIBCPP_INLINE_VISIBILITY
      ^
      /data/data/com.termux/files/usr/include/c++/v1/__config:989:39: note: expanded from macro '_LIBCPP_DEPRECATED_IN_CXX11'
      #  define _LIBCPP_DEPRECATED_IN_CXX11 _LIBCPP_DEPRECATED
                                            ^
      /data/data/com.termux/files/usr/include/c++/v1/__config:978:48: note: expanded from macro '_LIBCPP_DEPRECATED'
      #    define _LIBCPP_DEPRECATED __attribute__ ((deprecated))
                                                     ^
      In file included from CoolProp/CoolProp.cpp:632:
      In file included from ./include/DataStructures.h:11:
      In file included from ./include/CPnumerics.h:11:
      ./include/CPstrings.h:41:71: warning: 'ptr_fun<int, int>' is deprecated [-Wdeprecated-declarations]
                  s.erase(std::find_if(s.rbegin(), s.rend(), std::not1(std::ptr_fun<int, int>(std::isspace))).base(), s.end());
                                                                            ^
      /data/data/com.termux/files/usr/include/c++/v1/functional:1111:1: note: 'ptr_fun<int, int>' has been explicitly marked deprecated here
      _LIBCPP_DEPRECATED_IN_CXX11 inline _LIBCPP_INLINE_VISIBILITY
      ^
      /data/data/com.termux/files/usr/include/c++/v1/__config:989:39: note: expanded from macro '_LIBCPP_DEPRECATED_IN_CXX11'
      #  define _LIBCPP_DEPRECATED_IN_CXX11 _LIBCPP_DEPRECATED
                                            ^
      /data/data/com.termux/files/usr/include/c++/v1/__config:978:48: note: expanded from macro '_LIBCPP_DEPRECATED'
      #    define _LIBCPP_DEPRECATED __attribute__ ((deprecated))
                                                     ^
      CoolProp/CoolProp.cpp:63966:5: error: expression is not assignable
          ++Py_REFCNT(o);
          ^ ~~~~~~~~~~~~
      CoolProp/CoolProp.cpp:63968:5: error: expression is not assignable
          --Py_REFCNT(o);
          ^ ~~~~~~~~~~~~
      CoolProp/CoolProp.cpp:64655:13: warning: 'PyUnicode_AsUnicode' is deprecated [-Wdeprecated-declarations]
                  PyUnicode_AS_UNICODE(name)[0] == '_')
                  ^
      /data/data/com.termux/files/usr/include/python3.10/cpython/unicodeobject.h:279:7: note: expanded from macro 'PyUnicode_AS_UNICODE'
            PyUnicode_AsUnicode(_PyObject_CAST(op)))
            ^
      /data/data/com.termux/files/usr/include/python3.10/cpython/unicodeobject.h:580:1: note: 'PyUnicode_AsUnicode' has been explicitly marked deprecated here
      Py_DEPRECATED(3.3) PyAPI_FUNC(Py_UNICODE *) PyUnicode_AsUnicode(
      ^
      /data/data/com.termux/files/usr/include/python3.10/pyport.h:513:54: note: expanded from macro 'Py_DEPRECATED'
      #define Py_DEPRECATED(VERSION_UNUSED) __attribute__((__deprecated__))
                                                           ^
      CoolProp/CoolProp.cpp:65595:54: error: no member named 'tp_print' in '_typeobject'
        __pyx_type_8CoolProp_8CoolProp_PyPhaseEnvelopeData.tp_print = 0;
        ~~~~~~~~~~~~~~~~~~~~~~~~~~~~~~~~~~~~~~~~~~~~~~~~~~ ^
      CoolProp/CoolProp.cpp:65603:53: error: no member named 'tp_print' in '_typeobject'
        __pyx_type_8CoolProp_8CoolProp_PyGuessesStructure.tp_print = 0;
        ~~~~~~~~~~~~~~~~~~~~~~~~~~~~~~~~~~~~~~~~~~~~~~~~~ ^
      CoolProp/CoolProp.cpp:65611:50: error: no member named 'tp_print' in '_typeobject'
        __pyx_type_8CoolProp_8CoolProp_PyCriticalState.tp_print = 0;
        ~~~~~~~~~~~~~~~~~~~~~~~~~~~~~~~~~~~~~~~~~~~~~~ ^
      CoolProp/CoolProp.cpp:65619:49: error: no member named 'tp_print' in '_typeobject'
        __pyx_type_8CoolProp_8CoolProp_PySpinodalData.tp_print = 0;
        ~~~~~~~~~~~~~~~~~~~~~~~~~~~~~~~~~~~~~~~~~~~~~ ^
      CoolProp/CoolProp.cpp:65789:48: error: no member named 'tp_print' in '_typeobject'
        __pyx_type_8CoolProp_8CoolProp_AbstractState.tp_print = 0;
        ~~~~~~~~~~~~~~~~~~~~~~~~~~~~~~~~~~~~~~~~~~~~ ^
      CoolProp/CoolProp.cpp:65825:40: error: no member named 'tp_print' in '_typeobject'
        __pyx_type_8CoolProp_8CoolProp_State.tp_print = 0;
        ~~~~~~~~~~~~~~~~~~~~~~~~~~~~~~~~~~~~ ^
      CoolProp/CoolProp.cpp:67577:22: warning: '_PyUnicode_get_wstr_length' is deprecated [-Wdeprecated-declarations]
                          (PyUnicode_GET_SIZE(**name) != PyUnicode_GET_SIZE(key)) ? 1 :
                           ^
      /data/data/com.termux/files/usr/include/python3.10/cpython/unicodeobject.h:261:7: note: expanded from macro 'PyUnicode_GET_SIZE'
            PyUnicode_WSTR_LENGTH(op) :                    \
            ^
      /data/data/com.termux/files/usr/include/python3.10/cpython/unicodeobject.h:451:35: note: expanded from macro 'PyUnicode_WSTR_LENGTH'
      #define PyUnicode_WSTR_LENGTH(op) _PyUnicode_get_wstr_length((PyObject*)op)
                                        ^
      /data/data/com.termux/files/usr/include/python3.10/cpython/unicodeobject.h:445:1: note: '_PyUnicode_get_wstr_length' has been explicitly marked deprecated here
      Py_DEPRECATED(3.3)
      ^
      /data/data/com.termux/files/usr/include/python3.10/pyport.h:513:54: note: expanded from macro 'Py_DEPRECATED'
      #define Py_DEPRECATED(VERSION_UNUSED) __attribute__((__deprecated__))
                                                           ^
      CoolProp/CoolProp.cpp:67577:22: warning: 'PyUnicode_AsUnicode' is deprecated [-Wdeprecated-declarations]
                          (PyUnicode_GET_SIZE(**name) != PyUnicode_GET_SIZE(key)) ? 1 :
                           ^
      /data/data/com.termux/files/usr/include/python3.10/cpython/unicodeobject.h:262:14: note: expanded from macro 'PyUnicode_GET_SIZE'
            ((void)PyUnicode_AsUnicode(_PyObject_CAST(op)),\
                   ^
      /data/data/com.termux/files/usr/include/python3.10/cpython/unicodeobject.h:580:1: note: 'PyUnicode_AsUnicode' has been explicitly marked deprecated here
      Py_DEPRECATED(3.3) PyAPI_FUNC(Py_UNICODE *) PyUnicode_AsUnicode(
      ^
      /data/data/com.termux/files/usr/include/python3.10/pyport.h:513:54: note: expanded from macro 'Py_DEPRECATED'
      #define Py_DEPRECATED(VERSION_UNUSED) __attribute__((__deprecated__))
                                                           ^
      CoolProp/CoolProp.cpp:67577:22: warning: '_PyUnicode_get_wstr_length' is deprecated [-Wdeprecated-declarations]
                          (PyUnicode_GET_SIZE(**name) != PyUnicode_GET_SIZE(key)) ? 1 :
                           ^
      /data/data/com.termux/files/usr/include/python3.10/cpython/unicodeobject.h:264:8: note: expanded from macro 'PyUnicode_GET_SIZE'
             PyUnicode_WSTR_LENGTH(op)))
             ^
      /data/data/com.termux/files/usr/include/python3.10/cpython/unicodeobject.h:451:35: note: expanded from macro 'PyUnicode_WSTR_LENGTH'
      #define PyUnicode_WSTR_LENGTH(op) _PyUnicode_get_wstr_length((PyObject*)op)
                                        ^
      /data/data/com.termux/files/usr/include/python3.10/cpython/unicodeobject.h:445:1: note: '_PyUnicode_get_wstr_length' has been explicitly marked deprecated here
      Py_DEPRECATED(3.3)
      ^
      /data/data/com.termux/files/usr/include/python3.10/pyport.h:513:54: note: expanded from macro 'Py_DEPRECATED'
      #define Py_DEPRECATED(VERSION_UNUSED) __attribute__((__deprecated__))
                                                           ^
      CoolProp/CoolProp.cpp:67577:52: warning: '_PyUnicode_get_wstr_length' is deprecated [-Wdeprecated-declarations]
                          (PyUnicode_GET_SIZE(**name) != PyUnicode_GET_SIZE(key)) ? 1 :
                                                         ^
      /data/data/com.termux/files/usr/include/python3.10/cpython/unicodeobject.h:261:7: note: expanded from macro 'PyUnicode_GET_SIZE'
            PyUnicode_WSTR_LENGTH(op) :                    \
            ^
      /data/data/com.termux/files/usr/include/python3.10/cpython/unicodeobject.h:451:35: note: expanded from macro 'PyUnicode_WSTR_LENGTH'
      #define PyUnicode_WSTR_LENGTH(op) _PyUnicode_get_wstr_length((PyObject*)op)
                                        ^
      /data/data/com.termux/files/usr/include/python3.10/cpython/unicodeobject.h:445:1: note: '_PyUnicode_get_wstr_length' has been explicitly marked deprecated here
      Py_DEPRECATED(3.3)
      ^
      /data/data/com.termux/files/usr/include/python3.10/pyport.h:513:54: note: expanded from macro 'Py_DEPRECATED'
      #define Py_DEPRECATED(VERSION_UNUSED) __attribute__((__deprecated__))
                                                           ^
      CoolProp/CoolProp.cpp:67577:52: warning: 'PyUnicode_AsUnicode' is deprecated [-Wdeprecated-declarations]
                          (PyUnicode_GET_SIZE(**name) != PyUnicode_GET_SIZE(key)) ? 1 :
                                                         ^
      /data/data/com.termux/files/usr/include/python3.10/cpython/unicodeobject.h:262:14: note: expanded from macro 'PyUnicode_GET_SIZE'
            ((void)PyUnicode_AsUnicode(_PyObject_CAST(op)),\
                   ^
      /data/data/com.termux/files/usr/include/python3.10/cpython/unicodeobject.h:580:1: note: 'PyUnicode_AsUnicode' has been explicitly marked deprecated here
      Py_DEPRECATED(3.3) PyAPI_FUNC(Py_UNICODE *) PyUnicode_AsUnicode(
      ^
      /data/data/com.termux/files/usr/include/python3.10/pyport.h:513:54: note: expanded from macro 'Py_DEPRECATED'
      #define Py_DEPRECATED(VERSION_UNUSED) __attribute__((__deprecated__))
                                                           ^
      CoolProp/CoolProp.cpp:67577:52: warning: '_PyUnicode_get_wstr_length' is deprecated [-Wdeprecated-declarations]
                          (PyUnicode_GET_SIZE(**name) != PyUnicode_GET_SIZE(key)) ? 1 :
                                                         ^
      /data/data/com.termux/files/usr/include/python3.10/cpython/unicodeobject.h:264:8: note: expanded from macro 'PyUnicode_GET_SIZE'
             PyUnicode_WSTR_LENGTH(op)))
             ^
      /data/data/com.termux/files/usr/include/python3.10/cpython/unicodeobject.h:451:35: note: expanded from macro 'PyUnicode_WSTR_LENGTH'
      #define PyUnicode_WSTR_LENGTH(op) _PyUnicode_get_wstr_length((PyObject*)op)
                                        ^
      /data/data/com.termux/files/usr/include/python3.10/cpython/unicodeobject.h:445:1: note: '_PyUnicode_get_wstr_length' has been explicitly marked deprecated here
      Py_DEPRECATED(3.3)
      ^
      /data/data/com.termux/files/usr/include/python3.10/pyport.h:513:54: note: expanded from macro 'Py_DEPRECATED'
      #define Py_DEPRECATED(VERSION_UNUSED) __attribute__((__deprecated__))
                                                           ^
      CoolProp/CoolProp.cpp:67593:26: warning: '_PyUnicode_get_wstr_length' is deprecated [-Wdeprecated-declarations]
                              (PyUnicode_GET_SIZE(**argname) != PyUnicode_GET_SIZE(key)) ? 1 :
                               ^
      /data/data/com.termux/files/usr/include/python3.10/cpython/unicodeobject.h:261:7: note: expanded from macro 'PyUnicode_GET_SIZE'
            PyUnicode_WSTR_LENGTH(op) :                    \
            ^
      /data/data/com.termux/files/usr/include/python3.10/cpython/unicodeobject.h:451:35: note: expanded from macro 'PyUnicode_WSTR_LENGTH'
      #define PyUnicode_WSTR_LENGTH(op) _PyUnicode_get_wstr_length((PyObject*)op)
                                        ^
      /data/data/com.termux/files/usr/include/python3.10/cpython/unicodeobject.h:445:1: note: '_PyUnicode_get_wstr_length' has been explicitly marked deprecated here
      Py_DEPRECATED(3.3)
      ^
      /data/data/com.termux/files/usr/include/python3.10/pyport.h:513:54: note: expanded from macro 'Py_DEPRECATED'
      #define Py_DEPRECATED(VERSION_UNUSED) __attribute__((__deprecated__))
                                                           ^
      CoolProp/CoolProp.cpp:67593:26: warning: 'PyUnicode_AsUnicode' is deprecated [-Wdeprecated-declarations]
                              (PyUnicode_GET_SIZE(**argname) != PyUnicode_GET_SIZE(key)) ? 1 :
                               ^
      /data/data/com.termux/files/usr/include/python3.10/cpython/unicodeobject.h:262:14: note: expanded from macro 'PyUnicode_GET_SIZE'
            ((void)PyUnicode_AsUnicode(_PyObject_CAST(op)),\
                   ^
      /data/data/com.termux/files/usr/include/python3.10/cpython/unicodeobject.h:580:1: note: 'PyUnicode_AsUnicode' has been explicitly marked deprecated here
      Py_DEPRECATED(3.3) PyAPI_FUNC(Py_UNICODE *) PyUnicode_AsUnicode(
      ^
      /data/data/com.termux/files/usr/include/python3.10/pyport.h:513:54: note: expanded from macro 'Py_DEPRECATED'
      #define Py_DEPRECATED(VERSION_UNUSED) __attribute__((__deprecated__))
                                                           ^
      CoolProp/CoolProp.cpp:67593:26: warning: '_PyUnicode_get_wstr_length' is deprecated [-Wdeprecated-declarations]
                              (PyUnicode_GET_SIZE(**argname) != PyUnicode_GET_SIZE(key)) ? 1 :
                               ^
      /data/data/com.termux/files/usr/include/python3.10/cpython/unicodeobject.h:264:8: note: expanded from macro 'PyUnicode_GET_SIZE'
             PyUnicode_WSTR_LENGTH(op)))
             ^
      /data/data/com.termux/files/usr/include/python3.10/cpython/unicodeobject.h:451:35: note: expanded from macro 'PyUnicode_WSTR_LENGTH'
      #define PyUnicode_WSTR_LENGTH(op) _PyUnicode_get_wstr_length((PyObject*)op)
                                        ^
      /data/data/com.termux/files/usr/include/python3.10/cpython/unicodeobject.h:445:1: note: '_PyUnicode_get_wstr_length' has been explicitly marked deprecated here
      Py_DEPRECATED(3.3)
      ^
      /data/data/com.termux/files/usr/include/python3.10/pyport.h:513:54: note: expanded from macro 'Py_DEPRECATED'
      #define Py_DEPRECATED(VERSION_UNUSED) __attribute__((__deprecated__))
                                                           ^
      CoolProp/CoolProp.cpp:67593:59: warning: '_PyUnicode_get_wstr_length' is deprecated [-Wdeprecated-declarations]
                              (PyUnicode_GET_SIZE(**argname) != PyUnicode_GET_SIZE(key)) ? 1 :
                                                                ^
      /data/data/com.termux/files/usr/include/python3.10/cpython/unicodeobject.h:261:7: note: expanded from macro 'PyUnicode_GET_SIZE'
            PyUnicode_WSTR_LENGTH(op) :                    \
            ^
      /data/data/com.termux/files/usr/include/python3.10/cpython/unicodeobject.h:451:35: note: expanded from macro 'PyUnicode_WSTR_LENGTH'
      #define PyUnicode_WSTR_LENGTH(op) _PyUnicode_get_wstr_length((PyObject*)op)
                                        ^
      /data/data/com.termux/files/usr/include/python3.10/cpython/unicodeobject.h:445:1: note: '_PyUnicode_get_wstr_length' has been explicitly marked deprecated here
      Py_DEPRECATED(3.3)
      ^
      /data/data/com.termux/files/usr/include/python3.10/pyport.h:513:54: note: expanded from macro 'Py_DEPRECATED'
      #define Py_DEPRECATED(VERSION_UNUSED) __attribute__((__deprecated__))
                                                           ^
      CoolProp/CoolProp.cpp:67593:59: warning: 'PyUnicode_AsUnicode' is deprecated [-Wdeprecated-declarations]
                              (PyUnicode_GET_SIZE(**argname) != PyUnicode_GET_SIZE(key)) ? 1 :
                                                                ^
      /data/data/com.termux/files/usr/include/python3.10/cpython/unicodeobject.h:262:14: note: expanded from macro 'PyUnicode_GET_SIZE'
            ((void)PyUnicode_AsUnicode(_PyObject_CAST(op)),\
                   ^
      /data/data/com.termux/files/usr/include/python3.10/cpython/unicodeobject.h:580:1: note: 'PyUnicode_AsUnicode' has been explicitly marked deprecated here
      Py_DEPRECATED(3.3) PyAPI_FUNC(Py_UNICODE *) PyUnicode_AsUnicode(
      ^
      /data/data/com.termux/files/usr/include/python3.10/pyport.h:513:54: note: expanded from macro 'Py_DEPRECATED'
      #define Py_DEPRECATED(VERSION_UNUSED) __attribute__((__deprecated__))
                                                           ^
      CoolProp/CoolProp.cpp:67593:59: warning: '_PyUnicode_get_wstr_length' is deprecated [-Wdeprecated-declarations]
                              (PyUnicode_GET_SIZE(**argname) != PyUnicode_GET_SIZE(key)) ? 1 :
                                                                ^
      /data/data/com.termux/files/usr/include/python3.10/cpython/unicodeobject.h:264:8: note: expanded from macro 'PyUnicode_GET_SIZE'
             PyUnicode_WSTR_LENGTH(op)))
             ^
      /data/data/com.termux/files/usr/include/python3.10/cpython/unicodeobject.h:451:35: note: expanded from macro 'PyUnicode_WSTR_LENGTH'
      #define PyUnicode_WSTR_LENGTH(op) _PyUnicode_get_wstr_length((PyObject*)op)
                                        ^
      /data/data/com.termux/files/usr/include/python3.10/cpython/unicodeobject.h:445:1: note: '_PyUnicode_get_wstr_length' has been explicitly marked deprecated here
      Py_DEPRECATED(3.3)
      ^
      /data/data/com.termux/files/usr/include/python3.10/pyport.h:513:54: note: expanded from macro 'Py_DEPRECATED'
      #define Py_DEPRECATED(VERSION_UNUSED) __attribute__((__deprecated__))
                                                           ^
      15 warnings and 8 errors generated.
      error: command '/data/data/com.termux/files/usr/bin/arm-linux-androideabi-clang' failed with exit code 1
      [end of output]
  
  note: This error originates from a subprocess, and is likely not a problem with pip.
error: legacy-install-failure

× Encountered error while trying to install package.
╰─> coolprop

note: This is an issue with the package mentioned above, not pip.
hint: See above for output from the failure.
